This is pdfTeX, Version 3.1415926-2.5-1.40.14 (TeX Live 2013/Debian) (format=latex 2014.8.26)  14 JAN 2015 18:13
entering extended mode
 restricted \write18 enabled.
 %&-line parsing enabled.
**473proj.tex
(./473proj.tex
LaTeX2e <2011/06/27>
Babel <3.9h> and hyphenation patterns for 2 languages loaded.
(/usr/share/texlive/texmf-dist/tex/latex/base/article.cls
Document Class: article 2007/10/19 v1.4h Standard LaTeX document class
(/usr/share/texlive/texmf-dist/tex/latex/base/size10.clo
File: size10.clo 2007/10/19 v1.4h Standard LaTeX file (size option)
)
\c@part=\count79
\c@section=\count80
\c@subsection=\count81
\c@subsubsection=\count82
\c@paragraph=\count83
\c@subparagraph=\count84
\c@figure=\count85
\c@table=\count86
\abovecaptionskip=\skip41
\belowcaptionskip=\skip42
\bibindent=\dimen102
)
(/usr/share/texlive/texmf-dist/tex/latex/graphics/graphics.sty
Package: graphics 2009/02/05 v1.0o Standard LaTeX Graphics (DPC,SPQR)

(/usr/share/texlive/texmf-dist/tex/latex/graphics/trig.sty
Package: trig 1999/03/16 v1.09 sin cos tan (DPC)
)
(/etc/texmf/tex/latex/config/graphics.cfg
File: graphics.cfg 2009/08/28 v1.8 graphics configuration of TeX Live
)
Package graphics Info: Driver file: dvips.def on input line 91.

(/usr/share/texlive/texmf-dist/tex/latex/graphics/dvips.def
File: dvips.def 1999/02/16 v3.0i Driver-dependant file (DPC,SPQR)
)) (./473proj.aux)
\openout1 = `473proj.aux'.

LaTeX Font Info:    Checking defaults for OML/cmm/m/it on input line 3.
LaTeX Font Info:    ... okay on input line 3.
LaTeX Font Info:    Checking defaults for T1/cmr/m/n on input line 3.
LaTeX Font Info:    ... okay on input line 3.
LaTeX Font Info:    Checking defaults for OT1/cmr/m/n on input line 3.
LaTeX Font Info:    ... okay on input line 3.
LaTeX Font Info:    Checking defaults for OMS/cmsy/m/n on input line 3.
LaTeX Font Info:    ... okay on input line 3.
LaTeX Font Info:    Checking defaults for OMX/cmex/m/n on input line 3.
LaTeX Font Info:    ... okay on input line 3.
LaTeX Font Info:    Checking defaults for U/cmr/m/n on input line 3.
LaTeX Font Info:    ... okay on input line 3.
LaTeX Font Info:    External font `cmex10' loaded for size
(Font)              <12> on input line 7.
LaTeX Font Info:    External font `cmex10' loaded for size
(Font)              <8> on input line 7.
LaTeX Font Info:    External font `cmex10' loaded for size
(Font)              <6> on input line 7.

[1

] (./473proj.toc
LaTeX Font Info:    External font `cmex10' loaded for size
(Font)              <7> on input line 2.
LaTeX Font Info:    External font `cmex10' loaded for size
(Font)              <5> on input line 2.
)
\tf@toc=\write3
\openout3 = `473proj.toc'.

 [2] [3] [4] [5] [6]
File: init.eps Graphic file (type eps)
 <init.eps>
Overfull \hbox (4.47289pt too wide) in paragraph at lines 279--282
[]\OT1/cmr/m/n/10 We then per-form the Walsh-Hadamard trans-for-ma-tion on the 
reg-is-ter, putting
 []

[7]
File: wh.eps Graphic file (type eps)
 <wh.eps>
File: invert.eps Graphic file (type eps)
 <invert.eps>
File: a.eps Graphic file (type eps)
 <a.eps> [8] [9] [10]
LaTeX Font Info:    Try loading font information for OMS+cmr on input line 460.


(/usr/share/texlive/texmf-dist/tex/latex/base/omscmr.fd
File: omscmr.fd 1999/05/25 v2.5h Standard LaTeX font definitions
)
LaTeX Font Info:    Font shape `OMS/cmr/m/n' in size <10> not available
(Font)              Font shape `OMS/cmsy/m/n' tried instead on input line 460.
 [11] [12] [13]
Overfull \hbox (3.32784pt too wide) in paragraph at lines 662--674
\OT1/cmr/m/n/10 After step 2 of our al-go-rithm the quan-tum reg-is-ter is in t
he state $\OML/cmm/m/it/10 W \OMS/cmsy/m/n/10 ^^C \OT1/cmr/m/n/10 (1\OML/cmm/m/
it/10 ; \OT1/cmr/m/n/10 0\OML/cmm/m/it/10 ; \OT1/cmr/m/n/10 0\OML/cmm/m/it/10 ;
 \OT1/cmr/m/n/10 0)[] =
 []


Overfull \hbox (18.88345pt too wide) in paragraph at lines 662--674
\OT1/cmr/m/n/10 After step 4 of our al-go-rithm the quan-tum reg-is-ter is in t
he state $\OML/cmm/m/it/10 A \OMS/cmsy/m/n/10 ^^C \OT1/cmr/m/n/10 (\OML/cmm/m/i
t/10 :\OT1/cmr/m/n/10 5\OML/cmm/m/it/10 ; :\OT1/cmr/m/n/10 5\OML/cmm/m/it/10 ; 
\OMS/cmsy/m/n/10 ^^@\OML/cmm/m/it/10 :\OT1/cmr/m/n/10 5\OML/cmm/m/it/10 ; :\OT1
/cmr/m/n/10 5)[] =
 []


Underfull \hbox (badness 10000) in paragraph at lines 662--674

 []

[14] [15] [16] [17]
Overfull \hbox (0.55396pt too wide) in paragraph at lines 871--874
[]\OT1/cmr/m/n/10 [Grover97] L. Grover, \OT1/cmr/m/it/10 Quan-tum com-put-ers c
an search ar-bi-trar-ily large databases
 []


Overfull \hbox (8.5123pt too wide) in paragraph at lines 883--886
[]\OT1/cmr/m/n/10 [Papadimitriou94] Pa-padim-itriou, C. \OT1/cmr/m/it/10 Com-pu
-ta-tional Com-plex-ity \OT1/cmr/m/n/10 Addison-Wesley
 []

[18] (./473proj.aux) ) 
Here is how much of TeX's memory you used:
 487 strings out of 495033
 5604 string characters out of 6181744
 58986 words of memory out of 5000000
 3746 multiletter control sequences out of 15000+600000
 8409 words of font info for 30 fonts, out of 8000000 for 9000
 14 hyphenation exceptions out of 8191
 23i,8n,19p,202b,192s stack positions out of 5000i,500n,10000p,200000b,80000s

Output written on 473proj.dvi (18 pages, 67420 bytes).
